2023-03-15 15:45:54,397 [ERROR] [https://search.etrip.net/Hotel/Search?hotelId=32210349&checkIn=2023-03-28&checkOut=2023-03-29&rooms=2&homeSearch=1&userSearch=1] Error - 'Page' object has no attribute 'wait_for_popup'
2023-03-15 15:45:58,468 [ERROR] [https://search.etrip.net/Hotel/Search?hotelId=32210349&checkIn=2023-03-29&checkOut=2023-03-30&rooms=2&homeSearch=1&userSearch=1] Error - 'Page' object has no attribute 'wait_for_popup'
2023-03-15 15:45:59,834 [ERROR] [https://search.etrip.net/Hotel/Search?hotelId=32210349&checkIn=2023-04-01&checkOut=2023-04-02&rooms=2&homeSearch=1&userSearch=1] Error - 'Page' object has no attribute 'wait_for_popup'
2023-03-15 15:46:02,078 [ERROR] [https://search.etrip.net/Hotel/Search?hotelId=32210349&checkIn=2023-03-31&checkOut=2023-04-01&rooms=2&homeSearch=1&userSearch=1] Error - 'Page' object has no attribute 'wait_for_popup'
2023-03-15 15:46:11,639 [ERROR] [https://search.etrip.net/Hotel/Search?hotelId=32210349&checkIn=2023-03-30&checkOut=2023-03-31&rooms=2&homeSearch=1&userSearch=1] Error - 'Page' object has no attribute 'wait_for_popup'
2023-03-15 15:46:18,686 [ERROR] [https://search.etrip.net/Hotel/Search?hotelId=32210349&checkIn=2023-04-01&checkOut=2023-04-02&rooms=2&homeSearch=1&userSearch=1] Error - Navigation failed because page was closed!
=========================== logs ===========================
navigating to "https://search.etrip.net/Hotel/Search?hotelId=32210349&checkIn=2023-04-01&checkOut=2023-04-02&rooms=2&homeSearch=1&userSearch=1", waiting until "load"
============================================================
2023-03-15 15:46:18,695 [ERROR] [https://search.etrip.net/Hotel/Search?hotelId=32210349&checkIn=2023-03-31&checkOut=2023-04-01&rooms=2&homeSearch=1&userSearch=1] Error - Navigation failed because page was closed!
=========================== logs ===========================
navigating to "https://search.etrip.net/Hotel/Search?hotelId=32210349&checkIn=2023-03-31&checkOut=2023-04-01&rooms=2&homeSearch=1&userSearch=1", waiting until "load"
============================================================
2023-03-15 15:46:18,701 [ERROR] [https://search.etrip.net/Hotel/Search?hotelId=32210349&checkIn=2023-03-30&checkOut=2023-03-31&rooms=2&homeSearch=1&userSearch=1] Error - Navigation failed because page was closed!
=========================== logs ===========================
navigating to "https://search.etrip.net/Hotel/Search?hotelId=32210349&checkIn=2023-03-30&checkOut=2023-03-31&rooms=2&homeSearch=1&userSearch=1", waiting until "load"
============================================================
2023-03-15 15:46:18,709 [ERROR] [https://search.etrip.net/Hotel/Search?hotelId=32210349&checkIn=2023-04-01&checkOut=2023-04-02&rooms=2&homeSearch=1&userSearch=1] Error - Target page, context or browser has been closed
2023-03-15 15:46:18,716 [ERROR] [https://search.etrip.net/Hotel/Search?hotelId=32210349&checkIn=2023-03-31&checkOut=2023-04-01&rooms=2&homeSearch=1&userSearch=1] Error - Target page, context or browser has been closed
2023-03-15 15:46:18,723 [ERROR] [https://search.etrip.net/Hotel/Search?hotelId=32210349&checkIn=2023-03-30&checkOut=2023-03-31&rooms=2&homeSearch=1&userSearch=1] Error - Target page, context or browser has been closed
2023-03-15 15:46:18,730 [ERROR] [https://search.etrip.net/Hotel/Search?hotelId=32210349&checkIn=2023-04-01&checkOut=2023-04-02&rooms=2&homeSearch=1&userSearch=1] Error - Target page, context or browser has been closed
2023-03-15 15:46:18,735 [ERROR] [https://search.etrip.net/Hotel/Search?hotelId=32210349&checkIn=2023-03-31&checkOut=2023-04-01&rooms=2&homeSearch=1&userSearch=1] Error - Target page, context or browser has been closed
2023-03-15 15:46:18,744 [ERROR] [https://search.etrip.net/Hotel/Search?hotelId=32210349&checkIn=2023-03-30&checkOut=2023-03-31&rooms=2&homeSearch=1&userSearch=1] Error - Target page, context or browser has been closed
2023-03-15 15:46:18,845 [ERROR] [https://search.etrip.net/Hotel/Search?hotelId=32210349&checkIn=2023-04-01&checkOut=2023-04-02&rooms=2&homeSearch=1&userSearch=1] Error - Target page, context or browser has been closed
2023-03-15 15:46:18,845 [ERROR] [https://search.etrip.net/Hotel/Search?hotelId=32210349&checkIn=2023-03-31&checkOut=2023-04-01&rooms=2&homeSearch=1&userSearch=1] Error - Target page, context or browser has been closed
2023-03-15 15:46:18,846 [ERROR] [https://search.etrip.net/Hotel/Search?hotelId=32210349&checkIn=2023-03-30&checkOut=2023-03-31&rooms=2&homeSearch=1&userSearch=1] Error - Target page, context or browser has been closed
2023-03-15 15:46:18,847 [ERROR] [https://search.etrip.net/Hotel/Search?hotelId=32210349&checkIn=2023-03-29&checkOut=2023-03-30&rooms=2&homeSearch=1&userSearch=1] Error - Navigation failed because page was closed!
=========================== logs ===========================
navigating to "https://search.etrip.net/Hotel/Search?hotelId=32210349&checkIn=2023-03-29&checkOut=2023-03-30&rooms=2&homeSearch=1&userSearch=1", waiting until "load"
============================================================
2023-03-15 15:46:18,885 [ERROR] [https://search.etrip.net/Hotel/Search?hotelId=32210349&checkIn=2023-03-28&checkOut=2023-03-29&rooms=2&homeSearch=1&userSearch=1] Error - Target closed
=========================== logs ===========================
waiting for locator("div[class='css-170e3kd e19j9nj21'] img[alt='AGD-logo']") to be visible
============================================================
2023-03-15 15:46:19,357 [ERROR] [https://search.etrip.net/Hotel/Search?hotelId=32210349&checkIn=2023-03-29&checkOut=2023-03-30&rooms=2&homeSearch=1&userSearch=1] Error - Target page, context or browser has been closed
2023-03-15 15:46:19,361 [ERROR] [https://search.etrip.net/Hotel/Search?hotelId=32210349&checkIn=2023-03-28&checkOut=2023-03-29&rooms=2&homeSearch=1&userSearch=1] Error - Target page, context or browser has been closed
2023-03-15 15:46:19,366 [ERROR] [https://search.etrip.net/Hotel/Search?hotelId=32210349&checkIn=2023-03-29&checkOut=2023-03-30&rooms=2&homeSearch=1&userSearch=1] Error - Target page, context or browser has been closed
2023-03-15 15:46:19,371 [ERROR] [https://search.etrip.net/Hotel/Search?hotelId=32210349&checkIn=2023-03-28&checkOut=2023-03-29&rooms=2&homeSearch=1&userSearch=1] Error - Target page, context or browser has been closed
2023-03-15 15:46:19,377 [ERROR] [https://search.etrip.net/Hotel/Search?hotelId=32210349&checkIn=2023-03-29&checkOut=2023-03-30&rooms=2&homeSearch=1&userSearch=1] Error - Target page, context or browser has been closed
2023-03-15 15:46:19,377 [ERROR] [https://search.etrip.net/Hotel/Search?hotelId=32210349&checkIn=2023-03-28&checkOut=2023-03-29&rooms=2&homeSearch=1&userSearch=1] Error - Target page, context or browser has been closed
2023-03-15 16:10:20,882 [ERROR] [https://search.etrip.net/Hotel/Search?hotelId=32210349&checkIn=2023-03-29&checkOut=2023-03-30&rooms=2&homeSearch=1&userSearch=1] Error - 'Page' object has no attribute 'wait_for_popup'
2023-03-15 16:10:39,115 [ERROR] [https://search.etrip.net/Hotel/Search?hotelId=32210349&checkIn=2023-04-01&checkOut=2023-04-02&rooms=2&homeSearch=1&userSearch=1] Error - Timeout 20000ms exceeded.
=========================== logs ===========================
waiting for locator("div[class='css-170e3kd e19j9nj21'] img[alt='AGD-logo']") to be visible
  locator resolved to hidden <img alt="AGD-logo" class="css-gulka9 e1ib1dr20" src=бн/>
============================================================
2023-03-15 16:10:39,208 [ERROR] [https://search.etrip.net/Hotel/Search?hotelId=32210349&checkIn=2023-03-30&checkOut=2023-03-31&rooms=2&homeSearch=1&userSearch=1] Error - Timeout 20000ms exceeded.
=========================== logs ===========================
waiting for locator("div[class='css-170e3kd e19j9nj21'] img[alt='AGD-logo']") to be visible
  locator resolved to hidden <img alt="AGD-logo" class="css-gulka9 e1ib1dr20" src=бн/>
============================================================
2023-03-15 16:10:40,390 [ERROR] [https://search.etrip.net/Hotel/Search?hotelId=32210349&checkIn=2023-03-28&checkOut=2023-03-29&rooms=2&homeSearch=1&userSearch=1] Error - Timeout 20000ms exceeded.
=========================== logs ===========================
waiting for locator("div[class='css-170e3kd e19j9nj21'] img[alt='AGD-logo']") to be visible
============================================================
2023-03-15 16:10:43,920 [ERROR] [https://search.etrip.net/Hotel/Search?hotelId=32210349&checkIn=2023-03-31&checkOut=2023-04-01&rooms=2&homeSearch=1&userSearch=1] Error - Timeout 20000ms exceeded.
=========================== logs ===========================
waiting for locator("div[class='css-170e3kd e19j9nj21'] img[alt='AGD-logo']") to be visible
  locator resolved to hidden <img alt="AGD-logo" class="css-gulka9 e1ib1dr20" src=бн/>
============================================================
2023-03-15 16:10:52,398 [ERROR] [https://search.etrip.net/Hotel/Search?hotelId=32210349&checkIn=2023-03-29&checkOut=2023-03-30&rooms=2&homeSearch=1&userSearch=1] Error - 'Page' object has no attribute 'wait_for_popup'
2023-03-15 16:11:04,593 [ERROR] [https://search.etrip.net/Hotel/Search?hotelId=32210349&checkIn=2023-04-01&checkOut=2023-04-02&rooms=2&homeSearch=1&userSearch=1] Error - 'Page' object has no attribute 'wait_for_popup'
2023-03-15 16:11:07,064 [ERROR] [https://search.etrip.net/Hotel/Search?hotelId=32210349&checkIn=2023-03-30&checkOut=2023-03-31&rooms=2&homeSearch=1&userSearch=1] Error - 'Page' object has no attribute 'wait_for_popup'
2023-03-15 16:11:14,203 [ERROR] [https://search.etrip.net/Hotel/Search?hotelId=32210349&checkIn=2023-03-31&checkOut=2023-04-01&rooms=2&homeSearch=1&userSearch=1] Error - Timeout 20000ms exceeded.
=========================== logs ===========================
waiting for locator("div[class='css-170e3kd e19j9nj21'] img[alt='AGD-logo']") to be visible
  locator resolved to hidden <img alt="AGD-logo" class="css-gulka9 e1ib1dr20" src=бн/>
  locator resolved to visible <img alt="AGD-logo" class="css-gulka9 e1ib1dr20" src=бн/>
============================================================
2023-03-15 16:11:14,656 [ERROR] [https://search.etrip.net/Hotel/Search?hotelId=32210349&checkIn=2023-03-28&checkOut=2023-03-29&rooms=2&homeSearch=1&userSearch=1] Error - 'Page' object has no attribute 'wait_for_popup'
2023-03-15 16:11:16,088 [ERROR] [https://search.etrip.net/Hotel/Search?hotelId=32210349&checkIn=2023-03-29&checkOut=2023-03-30&rooms=2&homeSearch=1&userSearch=1] Error - Timeout 20000ms exceeded.
=========================== logs ===========================
waiting for locator("div[class='css-170e3kd e19j9nj21'] img[alt='AGD-logo']") to be visible
  locator resolved to hidden <img alt="AGD-logo" class="css-gulka9 e1ib1dr20" src=бн/>
  locator resolved to visible <img alt="AGD-logo" class="css-gulka9 e1ib1dr20" src=бн/>
============================================================
2023-03-15 16:11:37,402 [ERROR] [https://search.etrip.net/Hotel/Search?hotelId=32210349&checkIn=2023-04-01&checkOut=2023-04-02&rooms=2&homeSearch=1&userSearch=1] Error - 'Page' object has no attribute 'wait_for_popup'
2023-03-15 16:11:39,312 [ERROR] [https://search.etrip.net/Hotel/Search?hotelId=32210349&checkIn=2023-03-30&checkOut=2023-03-31&rooms=2&homeSearch=1&userSearch=1] Error - 'Page' object has no attribute 'wait_for_popup'
2023-03-15 16:11:43,043 [ERROR] [https://search.etrip.net/Hotel/Search?hotelId=32210349&checkIn=2023-03-29&checkOut=2023-03-30&rooms=2&homeSearch=1&userSearch=1] Error - Timeout 20000ms exceeded.
=========================== logs ===========================
waiting for locator("div[class='css-170e3kd e19j9nj21'] img[alt='AGD-logo']") to be visible
  locator resolved to visible <img alt="AGD-logo" class="css-gulka9 e1ib1dr20" src=бн/>
============================================================
2023-03-15 16:11:49,492 [ERROR] [https://search.etrip.net/Hotel/Search?hotelId=32210349&checkIn=2023-03-28&checkOut=2023-03-29&rooms=2&homeSearch=1&userSearch=1] Error - 'Page' object has no attribute 'wait_for_popup'
2023-03-15 16:12:10,943 [ERROR] [https://search.etrip.net/Hotel/Search?hotelId=32210349&checkIn=2023-03-31&checkOut=2023-04-01&rooms=2&homeSearch=1&userSearch=1] Error - 'Page' object has no attribute 'wait_for_popup'
2023-03-15 16:12:16,252 [ERROR] [https://search.etrip.net/Hotel/Search?hotelId=32210349&checkIn=2023-03-28&checkOut=2023-03-29&rooms=2&homeSearch=1&userSearch=1] Error - Timeout 20000ms exceeded.
=========================== logs ===========================
waiting for locator("div[class='css-170e3kd e19j9nj21'] img[alt='AGD-logo']") to be visible
============================================================
2023-03-15 16:12:26,087 [ERROR] [https://search.etrip.net/Hotel/Search?hotelId=32210349&checkIn=2023-04-01&checkOut=2023-04-02&rooms=2&homeSearch=1&userSearch=1] Error - 'Page' object has no attribute 'wait_for_popup'
2023-03-15 16:12:27,547 [ERROR] [https://search.etrip.net/Hotel/Search?hotelId=32210349&checkIn=2023-03-30&checkOut=2023-03-31&rooms=2&homeSearch=1&userSearch=1] Error - 'Page' object has no attribute 'wait_for_popup'
2023-03-15 16:12:35,801 [ERROR] [https://search.etrip.net/Hotel/Search?hotelId=32210349&checkIn=2023-03-29&checkOut=2023-03-30&rooms=2&homeSearch=1&userSearch=1] Error - 'Page' object has no attribute 'wait_for_popup'
2023-03-15 16:24:43,907 [ERROR] 2023-03-31.html: Error - Timeout 20000ms exceeded.
=========================== logs ===========================
waiting for locator("xpath=/html[1]/body[1]/div[11]/div[1]/div[3]/div[1]/div[1]/div[2]/div[1]/div[3]/ol[1]/li[1]/div[2]/a[1]/div[1]/div[3]/div[1]") to be visible
============================================================
2023-03-15 16:24:44,440 [ERROR] 2023-03-31.html: Error - Timeout 20000ms exceeded.
=========================== logs ===========================
waiting for locator("xpath=/html[1]/body[1]/div[11]/div[1]/div[3]/div[1]/div[1]/div[2]/div[1]/div[3]/ol[1]/li[1]/div[2]/a[1]/div[1]/div[3]/div[1]") to be visible
============================================================
2023-03-15 16:25:15,664 [ERROR] 2023-03-31.html: Error - Timeout 60000ms exceeded while waiting for event "popup"
=========================== logs ===========================
waiting for event "popup"
============================================================
2023-03-15 16:25:16,652 [ERROR] 2023-03-31.html: Error - Timeout 60000ms exceeded while waiting for event "popup"
=========================== logs ===========================
waiting for event "popup"
============================================================
2023-03-15 16:25:19,450 [ERROR] 2023-03-31.html: Error - Timeout 20000ms exceeded.
=========================== logs ===========================
waiting for locator("xpath=/html[1]/body[1]/div[11]/div[1]/div[3]/div[1]/div[1]/div[2]/div[1]/div[3]/ol[1]/li[1]/div[2]/a[1]/div[1]/div[3]/div[1]") to be visible
============================================================
2023-03-15 16:25:26,233 [ERROR] unhandled exception during asyncio.run() shutdown
task: <Task finished name='Task-6' coro=<get_data() done, defined at C:\Users\produ\Documents\GitHub\playwright-agoda\mixgetdata.py:22> exception=TimeoutError('Timeout 60000ms exceeded while waiting for event "popup"\n=========================== logs ===========================\nwaiting for event "popup"\n============================================================')>
Traceback (most recent call last):
  File "C:\Users\produ\Documents\GitHub\playwright-agoda\mixgetdata.py", line 66, in get_data
    link = await page1.wait_for_selector(
           ^^^^^^^^^^^^^^^^^^^^^^^^^^^^^^
  File "C:\Users\produ\AppData\Local\Programs\Python\Python311\Lib\site-packages\playwright\async_api\_generated.py", line 8197, in wait_for_selector
    await self._impl_obj.wait_for_selector(
  File "C:\Users\produ\AppData\Local\Programs\Python\Python311\Lib\site-packages\playwright\_impl\_page.py", line 364, in wait_for_selector
    return await self._main_frame.wait_for_selector(**locals_to_params(locals()))
           ^^^^^^^^^^^^^^^^^^^^^^^^^^^^^^^^^^^^^^^^^^^^^^^^^^^^^^^^^^^^^^^^^^^^^^
  File "C:\Users\produ\AppData\Local\Programs\Python\Python311\Lib\site-packages\playwright\_impl\_frame.py", line 322, in wait_for_selector
    await self._channel.send("waitForSelector", locals_to_params(locals()))
  File "C:\Users\produ\AppData\Local\Programs\Python\Python311\Lib\site-packages\playwright\_impl\_connection.py", line 44, in send
    return await self._connection.wrap_api_call(
           ^^^^^^^^^^^^^^^^^^^^^^^^^^^^^^^^^^^^^
  File "C:\Users\produ\AppData\Local\Programs\Python\Python311\Lib\site-packages\playwright\_impl\_connection.py", line 419, in wrap_api_call
    return await cb()
           ^^^^^^^^^^
  File "C:\Users\produ\AppData\Local\Programs\Python\Python311\Lib\site-packages\playwright\_impl\_connection.py", line 79, in inner_send
    result = next(iter(done)).result()
             ^^^^^^^^^^^^^^^^^^^^^^^^^
playwright._impl._api_types.TimeoutError: Timeout 20000ms exceeded.
=========================== logs ===========================
waiting for locator("xpath=/html[1]/body[1]/div[11]/div[1]/div[3]/div[1]/div[1]/div[2]/div[1]/div[3]/ol[1]/li[1]/div[2]/a[1]/div[1]/div[3]/div[1]") to be visible
============================================================

During handling of the above exception, another exception occurred:

Traceback (most recent call last):
  File "C:\Users\produ\Documents\GitHub\playwright-agoda\mixgetdata.py", line 85, in get_data
    await page1.reload()
  File "C:\Users\produ\AppData\Local\Programs\Python\Python311\Lib\site-packages\playwright\_impl\_connection.py", line 419, in wrap_api_call
    return await cb()
           ^^^^^^^^^^
  File "C:\Users\produ\AppData\Local\Programs\Python\Python311\Lib\site-packages\playwright\_impl\_connection.py", line 70, in inner_send
    done, _ = await asyncio.wait(
              ^^^^^^^^^^^^^^^^^^^
  File "C:\Users\produ\AppData\Local\Programs\Python\Python311\Lib\asyncio\tasks.py", line 418, in wait
    return await _wait(fs, timeout, return_when, loop)
           ^^^^^^^^^^^^^^^^^^^^^^^^^^^^^^^^^^^^^^^^^^^
  File "C:\Users\produ\AppData\Local\Programs\Python\Python311\Lib\asyncio\tasks.py", line 525, in _wait
    await waiter
asyncio.exceptions.CancelledError

During handling of the above exception, another exception occurred:

Traceback (most recent call last):
  File "C:\Users\produ\Documents\GitHub\playwright-agoda\mixgetdata.py", line 61, in get_data
    async with page1.expect_popup(timeout=60000) as page2_info:
  File "C:\Users\produ\AppData\Local\Programs\Python\Python311\Lib\site-packages\playwright\_impl\_async_base.py", line 53, in __aexit__
    await self._event.value
  File "C:\Users\produ\AppData\Local\Programs\Python\Python311\Lib\site-packages\playwright\_impl\_async_base.py", line 34, in value
    return mapping.from_maybe_impl(await self._future)
                                   ^^^^^^^^^^^^^^^^^^
playwright._impl._api_types.TimeoutError: Timeout 60000ms exceeded while waiting for event "popup"
=========================== logs ===========================
waiting for event "popup"
============================================================
2023-03-15 16:32:12,110 [ERROR] 2023-03-31.html: Error - Timeout 20000ms exceeded.
=========================== logs ===========================
waiting for locator("xpath=/html[1]/body[1]/div[11]/div[1]/div[3]/div[1]/div[1]/div[2]/div[1]/div[3]/ol[1]/li[1]/div[2]/a[1]/div[1]/div[3]/div[1]") to be visible
============================================================
2023-03-15 16:32:12,268 [ERROR] 2023-03-31.html: Error - Timeout 20000ms exceeded.
=========================== logs ===========================
waiting for locator("xpath=/html[1]/body[1]/div[11]/div[1]/div[3]/div[1]/div[1]/div[2]/div[1]/div[3]/ol[1]/li[1]/div[2]/a[1]/div[1]/div[3]/div[1]") to be visible
============================================================
2023-03-15 16:32:13,538 [ERROR] 2023-03-31.html: Error - Timeout 20000ms exceeded.
=========================== logs ===========================
waiting for locator("xpath=/html[1]/body[1]/div[11]/div[1]/div[3]/div[1]/div[1]/div[2]/div[1]/div[3]/ol[1]/li[1]/div[2]/a[1]/div[1]/div[3]/div[1]") to be visible
============================================================
2023-03-15 16:32:46,876 [ERROR] 2023-03-31.html: Error - Timeout 60000ms exceeded while waiting for event "popup"
=========================== logs ===========================
waiting for event "popup"
============================================================
2023-03-15 16:32:50,004 [ERROR] 2023-03-31.html: Error - Target page, context or browser has been closed
2023-03-15 16:33:11,662 [ERROR] Task was destroyed but it is pending!
task: <Task cancelling name='Task-8' coro=<get_data() running at C:\Users\produ\Documents\GitHub\playwright-agoda\mixgetdata.py:63> wait_for=<Future pending cb=[Task.task_wakeup()]> cb=[ProtocolCallback.__init__.<locals>.cb() at C:\Users\produ\AppData\Local\Programs\Python\Python311\Lib\site-packages\playwright\_impl\_connection.py:168, gather.<locals>._done_callback() at C:\Users\produ\AppData\Local\Programs\Python\Python311\Lib\asyncio\tasks.py:754]>
2023-03-15 16:33:11,663 [ERROR] Task was destroyed but it is pending!
task: <Task cancelling name='Task-5' coro=<get_data() running at C:\Users\produ\Documents\GitHub\playwright-agoda\mixgetdata.py:63> wait_for=<Future pending cb=[Task.task_wakeup()]> cb=[ProtocolCallback.__init__.<locals>.cb() at C:\Users\produ\AppData\Local\Programs\Python\Python311\Lib\site-packages\playwright\_impl\_connection.py:168, gather.<locals>._done_callback() at C:\Users\produ\AppData\Local\Programs\Python\Python311\Lib\asyncio\tasks.py:754]>
2023-03-15 16:33:11,663 [ERROR] Task was destroyed but it is pending!
task: <Task cancelling name='Task-7' coro=<get_data() running at C:\Users\produ\Documents\GitHub\playwright-agoda\mixgetdata.py:63> wait_for=<Future pending cb=[Task.task_wakeup()]> cb=[ProtocolCallback.__init__.<locals>.cb() at C:\Users\produ\AppData\Local\Programs\Python\Python311\Lib\site-packages\playwright\_impl\_connection.py:168, gather.<locals>._done_callback() at C:\Users\produ\AppData\Local\Programs\Python\Python311\Lib\asyncio\tasks.py:754]>
2023-03-15 16:34:06,420 [ERROR] 2023-03-31.html: Error - Timeout 20000ms exceeded.
=========================== logs ===========================
waiting for locator("xpath=/html[1]/body[1]/div[11]/div[1]/div[3]/div[1]/div[1]/div[2]/div[1]/div[3]/ol[1]/li[1]/div[2]/a[1]/div[1]/div[3]/div[1]") to be visible
============================================================
2023-03-15 16:34:25,691 [ERROR] 2023-03-31.html: Error - Timeout 20000ms exceeded.
=========================== logs ===========================
waiting for locator("xpath=/html[1]/body[1]/div[11]/div[1]/div[3]/div[1]/div[1]/div[2]/div[1]/div[3]/ol[1]/li[1]/div[2]/a[1]/div[1]/div[3]/div[1]") to be visible
============================================================
2023-03-15 16:34:36,481 [ERROR] 2023-03-31.html: Error - Timeout 60000ms exceeded.
=========================== logs ===========================
attempting click action
  waiting for element to be visible, enabled and stable
  element is visible, enabled and stable
  scrolling into view if needed
  done scrolling
  <div class="css-1b7emdq e1ntdov31"></div> from <div>бн</div> subtree intercepts pointer events
retrying click action, attempt #1
  waiting for element to be visible, enabled and stable
  element is visible, enabled and stable
  scrolling into view if needed
  done scrolling
  <div class="css-1b7emdq e1ntdov31"></div> from <div>бн</div> subtree intercepts pointer events
retrying click action, attempt #2
  waiting 20ms
  waiting for element to be visible, enabled and stable
  element is visible, enabled and stable
  scrolling into view if needed
  done scrolling
  <div class="css-1b7emdq e1ntdov31"></div> from <div>бн</div> subtree intercepts pointer events
retrying click action, attempt #3
  waiting 100ms
  waiting for element to be visible, enabled and stable
  element is visible, enabled and stable
  scrolling into view if needed
  done scrolling
  <div class="css-108m9c3 e1qj8p4u2"></div> from <div>бн</div> subtree intercepts pointer events
retrying click action, attempt #4
  waiting 100ms
  waiting for element to be visible, enabled and stable
  element is visible, enabled and stable
  scrolling into view if needed
  done scrolling
  <div class="css-108m9c3 e1qj8p4u2"></div> from <div>бн</div> subtree intercepts pointer events
retrying click action, attempt #5
  waiting 500ms
  waiting for element to be visible, enabled and stable
  element is visible, enabled and stable
  scrolling into view if needed
  done scrolling
  <div class="css-1b7emdq e1ntdov31"></div> from <div>бн</div> subtree intercepts pointer events
retrying click action, attempt #6
  waiting 500ms
  waiting for element to be visible, enabled and stable
  element is visible, enabled and stable
  scrolling into view if needed
  done scrolling
  <div class="css-1b7emdq e1ntdov31"></div> from <div>бн</div> subtree intercepts pointer events
retrying click action, attempt #7
  waiting 500ms
  waiting for element to be visible, enabled and stable
  element is visible, enabled and stable
  scrolling into view if needed
  done scrolling
  <div class="css-108m9c3 e1qj8p4u2"></div> from <div>бн</div> subtree intercepts pointer events
retrying click action, attempt #8
  waiting 500ms
  waiting for element to be visible, enabled and stable
  element is visible, enabled and stable
  scrolling into view if needed
  done scrolling
  <div class="css-108m9c3 e1qj8p4u2"></div> from <div>бн</div> subtree intercepts pointer events
retrying click action, attempt #9
  waiting 500ms
  waiting for element to be visible, enabled and stable
  element is visible, enabled and stable
  scrolling into view if needed
  done scrolling
  <div class="css-1b7emdq e1ntdov31"></div> from <div>бн</div> subtree intercepts pointer events
retrying click action, attempt #10
  waiting 500ms
  waiting for element to be visible, enabled and stable
  element is visible, enabled and stable
  scrolling into view if needed
  done scrolling
  <div class="css-1b7emdq e1ntdov31"></div> from <div>бн</div> subtree intercepts pointer events
retrying click action, attempt #11
  waiting 500ms
  waiting for element to be visible, enabled and stable
  element is visible, enabled and stable
  scrolling into view if needed
  done scrolling
  <div class="css-108m9c3 e1qj8p4u2"></div> from <div>бн</div> subtree intercepts pointer events
retrying click action, attempt #12
  waiting 500ms
  waiting for element to be visible, enabled and stable
  element is visible, enabled and stable
  scrolling into view if needed
  done scrolling
  <div class="css-108m9c3 e1qj8p4u2"></div> from <div>бн</div> subtree intercepts pointer events
retrying click action, attempt #13
  waiting 500ms
  waiting for element to be visible, enabled and stable
  element is visible, enabled and stable
  scrolling into view if needed
  done scrolling
  <div class="css-1b7emdq e1ntdov31"></div> from <div>бн</div> subtree intercepts pointer events
retrying click action, attempt #14
  waiting 500ms
  waiting for element to be visible, enabled and stable
  element is visible, enabled and stable
  scrolling into view if needed
  done scrolling
  <div class="css-1b7emdq e1ntdov31"></div> from <div>бн</div> subtree intercepts pointer events
retrying click action, attempt #15
  waiting 500ms
  waiting for element to be visible, enabled and stable
  element is visible, enabled and stable
  scrolling into view if needed
  done scrolling
  <div class="css-108m9c3 e1qj8p4u2"></div> from <div>бн</div> subtree intercepts pointer events
retrying click action, attempt #16
  waiting 500ms
  waiting for element to be visible, enabled and stable
  element is visible, enabled and stable
  scrolling into view if needed
  done scrolling
  <div class="css-108m9c3 e1qj8p4u2"></div> from <div>бн</div> subtree intercepts pointer events
retrying click action, attempt #17
  waiting 500ms
  waiting for element to be visible, enabled and stable
  element is visible, enabled and stable
  scrolling into view if needed
  done scrolling
  <div class="css-1b7emdq e1ntdov31"></div> from <div>бн</div> subtree intercepts pointer events
retrying click action, attempt #18
  waiting 500ms
  waiting for element to be visible, enabled and stable
  element is visible, enabled and stable
  scrolling into view if needed
  done scrolling
  <div class="css-1b7emdq e1ntdov31"></div> from <div>бн</div> subtree intercepts pointer events
retrying click action, attempt #19
  waiting 500ms
  waiting for element to be visible, enabled and stable
  element is visible, enabled and stable
  scrolling into view if needed
  done scrolling
  <div class="css-108m9c3 e1qj8p4u2"></div> from <div>бн</div> subtree intercepts pointer events
retrying click action, attempt #20
  waiting 500ms
  waiting for element to be visible, enabled and stable
  element is visible, enabled and stable
  scrolling into view if needed
  done scrolling
  <div class="css-108m9c3 e1qj8p4u2"></div> from <div>бн</div> subtree intercepts pointer events
retrying click action, attempt #21
  waiting 500ms
  waiting for element to be visible, enabled and stable
  element is visible, enabled and stable
  scrolling into view if needed
  done scrolling
  <div class="css-1b7emdq e1ntdov31"></div> from <div>бн</div> subtree intercepts pointer events
retrying click action, attempt #22
  waiting 500ms
  waiting for element to be visible, enabled and stable
  element is visible, enabled and stable
  scrolling into view if needed
  done scrolling
  <div class="css-1b7emdq e1ntdov31"></div> from <div>бн</div> subtree intercepts pointer events
retrying click action, attempt #23
  waiting 500ms
  waiting for element to be visible, enabled and stable
  element is visible, enabled and stable
  scrolling into view if needed
  done scrolling
  <div class="css-108m9c3 e1qj8p4u2"></div> from <div>бн</div> subtree intercepts pointer events
retrying click action, attempt #24
  waiting 500ms
  waiting for element to be visible, enabled and stable
  element is visible, enabled and stable
  scrolling into view if needed
  done scrolling
  <div class="css-108m9c3 e1qj8p4u2"></div> from <div>бн</div> subtree intercepts pointer events
retrying click action, attempt #25
  waiting 500ms
  waiting for element to be visible, enabled and stable
  element is visible, enabled and stable
  scrolling into view if needed
  done scrolling
  <div class="css-1b7emdq e1ntdov31"></div> from <div>бн</div> subtree intercepts pointer events
retrying click action, attempt #26
  waiting 500ms
  waiting for element to be visible, enabled and stable
  element is visible, enabled and stable
  scrolling into view if needed
  done scrolling
  <div class="css-1b7emdq e1ntdov31"></div> from <div>бн</div> subtree intercepts pointer events
retrying click action, attempt #27
  waiting 500ms
  waiting for element to be visible, enabled and stable
  element is visible, enabled and stable
  scrolling into view if needed
  done scrolling
  <div class="css-108m9c3 e1qj8p4u2"></div> from <div>бн</div> subtree intercepts pointer events
retrying click action, attempt #28
  waiting 500ms
  waiting for element to be visible, enabled and stable
  element is visible, enabled and stable
  scrolling into view if needed
  done scrolling
  <div class="css-108m9c3 e1qj8p4u2"></div> from <div>бн</div> subtree intercepts pointer events
retrying click action, attempt #29
  waiting 500ms
  waiting for element to be visible, enabled and stable
  element is visible, enabled and stable
  scrolling into view if needed
  done scrolling
  <div class="css-1b7emdq e1ntdov31"></div> from <div>бн</div> subtree intercepts pointer events
retrying click action, attempt #30
  waiting 500ms
  waiting for element to be visible, enabled and stable
  element is visible, enabled and stable
  scrolling into view if needed
  done scrolling
  <div class="css-1b7emdq e1ntdov31"></div> from <div>бн</div> subtree intercepts pointer events
retrying click action, attempt #31
  waiting 500ms
  waiting for element to be visible, enabled and stable
  element is visible, enabled and stable
  scrolling into view if needed
  done scrolling
  <div class="css-108m9c3 e1qj8p4u2"></div> from <div>бн</div> subtree intercepts pointer events
retrying click action, attempt #32
  waiting 500ms
  waiting for element to be visible, enabled and stable
  element is visible, enabled and stable
  scrolling into view if needed
  done scrolling
  <div class="css-108m9c3 e1qj8p4u2"></div> from <div>бн</div> subtree intercepts pointer events
retrying click action, attempt #33
  waiting 500ms
  waiting for element to be visible, enabled and stable
  element is visible, enabled and stable
  scrolling into view if needed
  done scrolling
  <div class="css-1b7emdq e1ntdov31"></div> from <div>бн</div> subtree intercepts pointer events
retrying click action, attempt #34
  waiting 500ms
  waiting for element to be visible, enabled and stable
  element is visible, enabled and stable
  scrolling into view if needed
  done scrolling
  <div class="css-1b7emdq e1ntdov31"></div> from <div>бн</div> subtree intercepts pointer events
retrying click action, attempt #35
  waiting 500ms
  waiting for element to be visible, enabled and stable
  element is visible, enabled and stable
  scrolling into view if needed
  done scrolling
  <div class="css-108m9c3 e1qj8p4u2"></div> from <div>бн</div> subtree intercepts pointer events
retrying click action, attempt #36
  waiting 500ms
  waiting for element to be visible, enabled and stable
  element is visible, enabled and stable
  scrolling into view if needed
  done scrolling
  <div class="css-108m9c3 e1qj8p4u2"></div> from <div>бн</div> subtree intercepts pointer events
retrying click action, attempt #37
  waiting 500ms
  waiting for element to be visible, enabled and stable
  element is visible, enabled and stable
  scrolling into view if needed
  done scrolling
  <div class="css-1b7emdq e1ntdov31"></div> from <div>бн</div> subtree intercepts pointer events
retrying click action, attempt #38
  waiting 500ms
  waiting for element to be visible, enabled and stable
  element is visible, enabled and stable
  scrolling into view if needed
  done scrolling
  <div class="css-1b7emdq e1ntdov31"></div> from <div>бн</div> subtree intercepts pointer events
retrying click action, attempt #39
  waiting 500ms
  waiting for element to be visible, enabled and stable
  element is visible, enabled and stable
  scrolling into view if needed
  done scrolling
  <div class="css-108m9c3 e1qj8p4u2"></div> from <div>бн</div> subtree intercepts pointer events
retrying click action, attempt #40
  waiting 500ms
  waiting for element to be visible, enabled and stable
  element is visible, enabled and stable
  scrolling into view if needed
  done scrolling
  <div class="css-108m9c3 e1qj8p4u2"></div> from <div>бн</div> subtree intercepts pointer events
retrying click action, attempt #41
  waiting 500ms
  waiting for element to be visible, enabled and stable
  element is visible, enabled and stable
  scrolling into view if needed
  done scrolling
  <div class="css-1b7emdq e1ntdov31"></div> from <div>бн</div> subtree intercepts pointer events
retrying click action, attempt #42
  waiting 500ms
  waiting for element to be visible, enabled and stable
  element is visible, enabled and stable
  scrolling into view if needed
  done scrolling
  <div class="css-1b7emdq e1ntdov31"></div> from <div>бн</div> subtree intercepts pointer events
retrying click action, attempt #43
  waiting 500ms
  waiting for element to be visible, enabled and stable
  element is visible, enabled and stable
  scrolling into view if needed
  done scrolling
  <div class="css-108m9c3 e1qj8p4u2"></div> from <div>бн</div> subtree intercepts pointer events
retrying click action, attempt #44
  waiting 500ms
  waiting for element to be visible, enabled and stable
  element is visible, enabled and stable
  scrolling into view if needed
  done scrolling
  <div class="css-108m9c3 e1qj8p4u2"></div> from <div>бн</div> subtree intercepts pointer events
retrying click action, attempt #45
  waiting 500ms
  waiting for element to be visible, enabled and stable
  element is visible, enabled and stable
  scrolling into view if needed
  done scrolling
  <div class="css-1b7emdq e1ntdov31"></div> from <div>бн</div> subtree intercepts pointer events
retrying click action, attempt #46
  waiting 500ms
  waiting for element to be visible, enabled and stable
  element is visible, enabled and stable
  scrolling into view if needed
  done scrolling
============================================================
2023-03-15 16:34:39,446 [ERROR] 2023-03-31.html: Error - Target page, context or browser has been closed
2023-03-15 16:37:05,720 [ERROR] Task was destroyed but it is pending!
task: <Task cancelling name='Task-7' coro=<get_data() running at C:\Users\produ\Documents\GitHub\playwright-agoda\mixgetdata.py:57> wait_for=<Future pending cb=[Task.task_wakeup()]> cb=[gather.<locals>._done_callback() at C:\Users\produ\AppData\Local\Programs\Python\Python311\Lib\asyncio\tasks.py:754, ProtocolCallback.__init__.<locals>.cb() at C:\Users\produ\AppData\Local\Programs\Python\Python311\Lib\site-packages\playwright\_impl\_connection.py:168]>
2023-03-15 16:37:05,721 [ERROR] Task was destroyed but it is pending!
task: <Task cancelling name='Task-5' coro=<get_data() running at C:\Users\produ\Documents\GitHub\playwright-agoda\mixgetdata.py:63> wait_for=<Future pending cb=[Task.task_wakeup()]> cb=[ProtocolCallback.__init__.<locals>.cb() at C:\Users\produ\AppData\Local\Programs\Python\Python311\Lib\site-packages\playwright\_impl\_connection.py:168, gather.<locals>._done_callback() at C:\Users\produ\AppData\Local\Programs\Python\Python311\Lib\asyncio\tasks.py:754]>
2023-03-15 16:37:05,721 [ERROR] Task was destroyed but it is pending!
task: <Task cancelling name='Task-6' coro=<get_data() running at C:\Users\produ\Documents\GitHub\playwright-agoda\mixgetdata.py:63> wait_for=<Future pending cb=[Task.task_wakeup()]> cb=[ProtocolCallback.__init__.<locals>.cb() at C:\Users\produ\AppData\Local\Programs\Python\Python311\Lib\site-packages\playwright\_impl\_connection.py:168, gather.<locals>._done_callback() at C:\Users\produ\AppData\Local\Programs\Python\Python311\Lib\asyncio\tasks.py:754]>
